<?xml version="1.0" encoding="UTF-8"?>
<testsuite xmlns:xsi="http://www.w3.org/2001/XMLSchema-instance" xsi:noNamespaceSchemaLocation="https://maven.apache.org/surefire/maven-surefire-plugin/xsd/surefire-test-report.xsd" name="TestSuite" time="11.317" tests="2" errors="0" skipped="0" failures="0">
  <properties>
[...]
</properties>
  <testcase name="GettingCode" classname="com.wexer.APIs.GetCouponAPI" time="5.874"/>
  <testcase name="PrintResponse" classname="com.wexer.APIs.GetCouponAPI" time="2.48"/>
</testsuite>