<?xml version="1.0" encoding="UTF-8"?>
<testng-results ignored="0" total="2" passed="2" failed="0" skipped="0">
  <reporter-output>
  </reporter-output>
  <suite started-at="2019-07-16T15:32:39Z" name="Suite" finished-at="2019-07-16T15:32:44Z" duration-ms="5129">
    <groups>
    </groups>
    <test started-at="2019-07-16T15:32:39Z" name="Test" finished-at="2019-07-16T15:32:44Z" duration-ms="5129">
      <class name="com.wexer.APIs.GetCouponAPI">
        <test-method is-config="true" signature="Intialise()[pri:0, instance:com.wexer.APIs.GetCouponAPI@3a44431a]" started-at="2019-07-16T15:32:39Z" name="Intialise" finished-at="2019-07-16T15:32:39Z" duration-ms="506" status="PASS">
          <reporter-output>
          </reporter-output>
        </test-method> <!-- Intialise -->
        <test-method signature="GettingCode()[pri:0, instance:com.wexer.APIs.GetCouponAPI@3a44431a]" started-at="2019-07-16T15:32:39Z" name="GettingCode" finished-at="2019-07-16T15:32:43Z" duration-ms="3196" status="PASS">
          <reporter-output>
          </reporter-output>
        </test-method> <!-- GettingCode -->
        <test-method signature="PrintResponse()[pri:0, instance:com.wexer.APIs.GetCouponAPI@3a44431a]" started-at="2019-07-16T15:32:43Z" name="PrintResponse" finished-at="2019-07-16T15:32:44Z" duration-ms="1386" status="PASS">
          <reporter-output>
          </reporter-output>
        </test-method> <!-- PrintResponse -->
      </class> <!-- com.wexer.APIs.GetCouponAPI -->
    </test> <!-- Test -->
  </suite> <!-- Suite -->
</testng-results>
